This is pdfTeX, Version 3.1415926-2.5-1.40.14 (TeX Live 2013/Debian) (format=pdflatex 2014.10.3)  10 DEC 2014 12:40
entering extended mode
 restricted \write18 enabled.
 %&-line parsing enabled.
**/home/aaron/uchi.course.work/stat343/final.tex
(/home/aaron/uchi.course.work/stat343/final.tex
LaTeX2e <2011/06/27>
Babel <3.9h> and hyphenation patterns for 2 languages loaded.
(/usr/share/texlive/texmf-dist/tex/latex/base/article.cls
Document Class: article 2007/10/19 v1.4h Standard LaTeX document class
(/usr/share/texlive/texmf-dist/tex/latex/base/size11.clo
File: size11.clo 2007/10/19 v1.4h Standard LaTeX file (size option)
)
\c@part=\count79
\c@section=\count80
\c@subsection=\count81
\c@subsubsection=\count82
\c@paragraph=\count83
\c@subparagraph=\count84
\c@figure=\count85
\c@table=\count86
\abovecaptionskip=\skip41
\belowcaptionskip=\skip42
\bibindent=\dimen102
)
(/usr/share/texlive/texmf-dist/tex/latex/geometry/geometry.sty
Package: geometry 2010/09/12 v5.6 Page Geometry

(/usr/share/texlive/texmf-dist/tex/latex/graphics/keyval.sty
Package: keyval 1999/03/16 v1.13 key=value parser (DPC)
\KV@toks@=\toks14
)
(/usr/share/texlive/texmf-dist/tex/generic/oberdiek/ifpdf.sty
Package: ifpdf 2011/01/30 v2.3 Provides the ifpdf switch (HO)
Package ifpdf Info: pdfTeX in PDF mode is detected.
)
(/usr/share/texlive/texmf-dist/tex/generic/oberdiek/ifvtex.sty
Package: ifvtex 2010/03/01 v1.5 Detect VTeX and its facilities (HO)
Package ifvtex Info: VTeX not detected.
)
(/usr/share/texlive/texmf-dist/tex/generic/ifxetex/ifxetex.sty
Package: ifxetex 2010/09/12 v0.6 Provides ifxetex conditional
)
\Gm@cnth=\count87
\Gm@cntv=\count88
\c@Gm@tempcnt=\count89
\Gm@bindingoffset=\dimen103
\Gm@wd@mp=\dimen104
\Gm@odd@mp=\dimen105
\Gm@even@mp=\dimen106
\Gm@layoutwidth=\dimen107
\Gm@layoutheight=\dimen108
\Gm@layouthoffset=\dimen109
\Gm@layoutvoffset=\dimen110
\Gm@dimlist=\toks15
)
(/usr/share/texlive/texmf-dist/tex/latex/amsmath/amsmath.sty
Package: amsmath 2013/01/14 v2.14 AMS math features
\@mathmargin=\skip43

For additional information on amsmath, use the `?' option.
(/usr/share/texlive/texmf-dist/tex/latex/amsmath/amstext.sty
Package: amstext 2000/06/29 v2.01

(/usr/share/texlive/texmf-dist/tex/latex/amsmath/amsgen.sty
File: amsgen.sty 1999/11/30 v2.0
\@emptytoks=\toks16
\ex@=\dimen111
))
(/usr/share/texlive/texmf-dist/tex/latex/amsmath/amsbsy.sty
Package: amsbsy 1999/11/29 v1.2d
\pmbraise@=\dimen112
)
(/usr/share/texlive/texmf-dist/tex/latex/amsmath/amsopn.sty
Package: amsopn 1999/12/14 v2.01 operator names
)
\inf@bad=\count90
LaTeX Info: Redefining \frac on input line 210.
\uproot@=\count91
\leftroot@=\count92
LaTeX Info: Redefining \overline on input line 306.
\classnum@=\count93
\DOTSCASE@=\count94
LaTeX Info: Redefining \ldots on input line 378.
LaTeX Info: Redefining \dots on input line 381.
LaTeX Info: Redefining \cdots on input line 466.
\Mathstrutbox@=\box26
\strutbox@=\box27
\big@size=\dimen113
LaTeX Font Info:    Redeclaring font encoding OML on input line 566.
LaTeX Font Info:    Redeclaring font encoding OMS on input line 567.
\macc@depth=\count95
\c@MaxMatrixCols=\count96
\dotsspace@=\muskip10
\c@parentequation=\count97
\dspbrk@lvl=\count98
\tag@help=\toks17
\row@=\count99
\column@=\count100
\maxfields@=\count101
\andhelp@=\toks18
\eqnshift@=\dimen114
\alignsep@=\dimen115
\tagshift@=\dimen116
\tagwidth@=\dimen117
\totwidth@=\dimen118
\lineht@=\dimen119
\@envbody=\toks19
\multlinegap=\skip44
\multlinetaggap=\skip45
\mathdisplay@stack=\toks20
LaTeX Info: Redefining \[ on input line 2665.
LaTeX Info: Redefining \] on input line 2666.
)
(/usr/share/texlive/texmf-dist/tex/latex/amsmath/amscd.sty
Package: amscd 1999/11/29 v2.0
\athelp@=\toks21
\minaw@=\dimen120
\bigaw@=\dimen121
\minCDarrowwidth=\dimen122
)
(/usr/share/texlive/texmf-dist/tex/latex/amsfonts/amssymb.sty
Package: amssymb 2013/01/14 v3.01 AMS font symbols

(/usr/share/texlive/texmf-dist/tex/latex/amsfonts/amsfonts.sty
Package: amsfonts 2013/01/14 v3.01 Basic AMSFonts support
\symAMSa=\mathgroup4
\symAMSb=\mathgroup5
LaTeX Font Info:    Overwriting math alphabet `\mathfrak' in version `bold'
(Font)                  U/euf/m/n --> U/euf/b/n on input line 106.
))
(/usr/share/texlive/texmf-dist/tex/latex/amscls/amsthm.sty
Package: amsthm 2004/08/06 v2.20
\thm@style=\toks22
\thm@bodyfont=\toks23
\thm@headfont=\toks24
\thm@notefont=\toks25
\thm@headpunct=\toks26
\thm@preskip=\skip46
\thm@postskip=\skip47
\thm@headsep=\skip48
\dth@everypar=\toks27
)
(/usr/share/texlive/texmf-dist/tex/latex/multirow/multirow.sty
\bigstrutjot=\dimen123
)
(/usr/share/texlive/texmf-dist/tex/latex/tools/multicol.sty
Package: multicol 2011/06/27 v1.7a multicolumn formatting (FMi)
\c@tracingmulticols=\count102
\mult@box=\box28
\multicol@leftmargin=\dimen124
\c@unbalance=\count103
\c@collectmore=\count104
\doublecol@number=\count105
\multicoltolerance=\count106
\multicolpretolerance=\count107
\full@width=\dimen125
\page@free=\dimen126
\premulticols=\dimen127
\postmulticols=\dimen128
\multicolsep=\skip49
\multicolbaselineskip=\skip50
\partial@page=\box29
\last@line=\box30
\mult@rightbox=\box31
\mult@grightbox=\box32
\mult@gfirstbox=\box33
\mult@firstbox=\box34
\@tempa=\box35
\@tempa=\box36
\@tempa=\box37
\@tempa=\box38
\@tempa=\box39
\@tempa=\box40
\@tempa=\box41
\@tempa=\box42
\@tempa=\box43
\@tempa=\box44
\@tempa=\box45
\@tempa=\box46
\@tempa=\box47
\@tempa=\box48
\@tempa=\box49
\@tempa=\box50
\@tempa=\box51
\c@columnbadness=\count108
\c@finalcolumnbadness=\count109
\last@try=\dimen129
\multicolovershoot=\dimen130
\multicolundershoot=\dimen131
\mult@nat@firstbox=\box52
\colbreak@box=\box53
\multicol@sort@counter=\count110
)
(/usr/share/texlive/texmf-dist/tex/latex/tools/enumerate.sty
Package: enumerate 1999/03/05 v3.00 enumerate extensions (DPC)
\@enLab=\toks28
)
(/usr/share/texlive/texmf-dist/tex/latex/graphics/graphicx.sty
Package: graphicx 1999/02/16 v1.0f Enhanced LaTeX Graphics (DPC,SPQR)

(/usr/share/texlive/texmf-dist/tex/latex/graphics/graphics.sty
Package: graphics 2009/02/05 v1.0o Standard LaTeX Graphics (DPC,SPQR)

(/usr/share/texlive/texmf-dist/tex/latex/graphics/trig.sty
Package: trig 1999/03/16 v1.09 sin cos tan (DPC)
)
(/usr/share/texlive/texmf-dist/tex/latex/latexconfig/graphics.cfg
File: graphics.cfg 2010/04/23 v1.9 graphics configuration of TeX Live
)
Package graphics Info: Driver file: pdftex.def on input line 91.

(/usr/share/texlive/texmf-dist/tex/latex/pdftex-def/pdftex.def
File: pdftex.def 2011/05/27 v0.06d Graphics/color for pdfTeX

(/usr/share/texlive/texmf-dist/tex/generic/oberdiek/infwarerr.sty
Package: infwarerr 2010/04/08 v1.3 Providing info/warning/error messages (HO)
)
(/usr/share/texlive/texmf-dist/tex/generic/oberdiek/ltxcmds.sty
Package: ltxcmds 2011/11/09 v1.22 LaTeX kernel commands for general use (HO)
)
\Gread@gobject=\count111
))
\Gin@req@height=\dimen132
\Gin@req@width=\dimen133
)
(/usr/share/texlive/texmf-dist/tex/latex/listings/listings.sty
\lst@mode=\count112
\lst@gtempboxa=\box54
\lst@token=\toks29
\lst@length=\count113
\lst@currlwidth=\dimen134
\lst@column=\count114
\lst@pos=\count115
\lst@lostspace=\dimen135
\lst@width=\dimen136
\lst@newlines=\count116
\lst@lineno=\count117
\lst@maxwidth=\dimen137

(/usr/share/texlive/texmf-dist/tex/latex/listings/lstmisc.sty
File: lstmisc.sty 2013/08/26 1.5b (Carsten Heinz)
\c@lstnumber=\count118
\lst@skipnumbers=\count119
\lst@framebox=\box55
)
(/usr/share/texlive/texmf-dist/tex/latex/listings/listings.cfg
File: listings.cfg 2013/08/26 1.5b listings configuration
))
Package: listings 2013/08/26 1.5b (Carsten Heinz)

(/usr/share/texlive/texmf-dist/tex/latex/placeins/placeins.sty
Package: placeins 2005/04/18  v 2.2
)
\c@theorem=\count120
 (./final.aux)
\openout1 = `final.aux'.

LaTeX Font Info:    Checking defaults for OML/cmm/m/it on input line 64.
LaTeX Font Info:    ... okay on input line 64.
LaTeX Font Info:    Checking defaults for T1/cmr/m/n on input line 64.
LaTeX Font Info:    ... okay on input line 64.
LaTeX Font Info:    Checking defaults for OT1/cmr/m/n on input line 64.
LaTeX Font Info:    ... okay on input line 64.
LaTeX Font Info:    Checking defaults for OMS/cmsy/m/n on input line 64.
LaTeX Font Info:    ... okay on input line 64.
LaTeX Font Info:    Checking defaults for OMX/cmex/m/n on input line 64.
LaTeX Font Info:    ... okay on input line 64.
LaTeX Font Info:    Checking defaults for U/cmr/m/n on input line 64.
LaTeX Font Info:    ... okay on input line 64.

*geometry* driver: auto-detecting
*geometry* detected driver: pdftex
*geometry* verbose mode - [ preamble ] result:
* driver: pdftex
* paper: letterpaper
* layout: <same size as paper>
* layoutoffset:(h,v)=(0.0pt,0.0pt)
* modes: 
* h-part:(L,W,R)=(36.135pt, 542.02501pt, 36.135pt)
* v-part:(T,H,B)=(36.135pt, 722.7pt, 36.135pt)
* \paperwidth=614.295pt
* \paperheight=794.96999pt
* \textwidth=542.02501pt
* \textheight=722.7pt
* \oddsidemargin=-36.135pt
* \evensidemargin=-36.135pt
* \topmargin=-73.135pt
* \headheight=12.0pt
* \headsep=25.0pt
* \topskip=11.0pt
* \footskip=30.0pt
* \marginparwidth=59.0pt
* \marginparsep=10.0pt
* \columnsep=10.0pt
* \skip\footins=10.0pt plus 4.0pt minus 2.0pt
* \hoffset=0.0pt
* \voffset=0.0pt
* \mag=1000
* \@twocolumnfalse
* \@twosidefalse
* \@mparswitchfalse
* \@reversemarginfalse
* (1in=72.27pt=25.4mm, 1cm=28.453pt)

(/usr/share/texlive/texmf-dist/tex/context/base/supp-pdf.mkii
[Loading MPS to PDF converter (version 2006.09.02).]
\scratchcounter=\count121
\scratchdimen=\dimen138
\scratchbox=\box56
\nofMPsegments=\count122
\nofMParguments=\count123
\everyMPshowfont=\toks30
\MPscratchCnt=\count124
\MPscratchDim=\dimen139
\MPnumerator=\count125
\makeMPintoPDFobject=\count126
\everyMPtoPDFconversion=\toks31
) (/usr/share/texlive/texmf-dist/tex/generic/oberdiek/pdftexcmds.sty
Package: pdftexcmds 2011/11/29 v0.20 Utility functions of pdfTeX for LuaTeX (HO
)

(/usr/share/texlive/texmf-dist/tex/generic/oberdiek/ifluatex.sty
Package: ifluatex 2010/03/01 v1.3 Provides the ifluatex switch (HO)
Package ifluatex Info: LuaTeX not detected.
)
Package pdftexcmds Info: LuaTeX not detected.
Package pdftexcmds Info: \pdf@primitive is available.
Package pdftexcmds Info: \pdf@ifprimitive is available.
Package pdftexcmds Info: \pdfdraftmode found.
)
(/usr/share/texlive/texmf-dist/tex/latex/oberdiek/epstopdf-base.sty
Package: epstopdf-base 2010/02/09 v2.5 Base part for package epstopdf

(/usr/share/texlive/texmf-dist/tex/latex/oberdiek/grfext.sty
Package: grfext 2010/08/19 v1.1 Manage graphics extensions (HO)

(/usr/share/texlive/texmf-dist/tex/generic/oberdiek/kvdefinekeys.sty
Package: kvdefinekeys 2011/04/07 v1.3 Define keys (HO)
))
(/usr/share/texlive/texmf-dist/tex/latex/oberdiek/kvoptions.sty
Package: kvoptions 2011/06/30 v3.11 Key value format for package options (HO)

(/usr/share/texlive/texmf-dist/tex/generic/oberdiek/kvsetkeys.sty
Package: kvsetkeys 2012/04/25 v1.16 Key value parser (HO)

(/usr/share/texlive/texmf-dist/tex/generic/oberdiek/etexcmds.sty
Package: etexcmds 2011/02/16 v1.5 Avoid name clashes with e-TeX commands (HO)
Package etexcmds Info: Could not find \expanded.
(etexcmds)             That can mean that you are not using pdfTeX 1.50 or
(etexcmds)             that some package has redefined \expanded.
(etexcmds)             In the latter case, load this package earlier.
)))
Package grfext Info: Graphics extension search list:
(grfext)             [.png,.pdf,.jpg,.mps,.jpeg,.jbig2,.jb2,.PNG,.PDF,.JPG,.JPE
G,.JBIG2,.JB2,.eps]
(grfext)             \AppendGraphicsExtensions on input line 452.

(/usr/share/texlive/texmf-dist/tex/latex/latexconfig/epstopdf-sys.cfg
File: epstopdf-sys.cfg 2010/07/13 v1.3 Configuration of (r)epstopdf for TeX Liv
e
))
\c@lstlisting=\count127
LaTeX Font Info:    Try loading font information for U+msa on input line 75.

(/usr/share/texlive/texmf-dist/tex/latex/amsfonts/umsa.fd
File: umsa.fd 2013/01/14 v3.01 AMS symbols A
)
LaTeX Font Info:    Try loading font information for U+msb on input line 75.

(/usr/share/texlive/texmf-dist/tex/latex/amsfonts/umsb.fd
File: umsb.fd 2013/01/14 v3.01 AMS symbols B
) (./final/1_out.txt
LaTeX Font Info:    Try loading font information for OML+cmr on input line 11.

(/usr/share/texlive/texmf-dist/tex/latex/base/omlcmr.fd
File: omlcmr.fd 1999/05/25 v2.5h Standard LaTeX font definitions
)
LaTeX Font Info:    Font shape `OML/cmr/m/n' in size <10.95> not available
(Font)              Font shape `OML/cmm/m/it' tried instead on input line 11.
LaTeX Font Info:    Try loading font information for OMS+cmr on input line 11.

(/usr/share/texlive/texmf-dist/tex/latex/base/omscmr.fd
File: omscmr.fd 1999/05/25 v2.5h Standard LaTeX font definitions
)
LaTeX Font Info:    Font shape `OMS/cmr/m/n' in size <10.95> not available
(Font)              Font shape `OMS/cmsy/m/n' tried instead on input line 11.
Missing character: There is no â in font cmr10!
Missing character: There is no € in font cmr10!
Missing character: There is no ˜ in font cmr10!
Missing character: There is no â in font cmr10!
Missing character: There is no € in font cmr10!
Missing character: There is no ™ in font cmr10!
Missing character: There is no â in font cmr10!
Missing character: There is no € in font cmr10!
Missing character: There is no ˜ in font cmr10!
Missing character: There is no â in font cmr10!
Missing character: There is no € in font cmr10!
Missing character: There is no ™ in font cmr10!
Missing character: There is no â in font cmr10!
Missing character: There is no € in font cmr10!
Missing character: There is no ˜ in font cmr10!
Missing character: There is no â in font cmr10!
Missing character: There is no € in font cmr10!
Missing character: There is no ™ in font cmr10!
Missing character: There is no â in font cmr10!
Missing character: There is no € in font cmr10!
Missing character: There is no ˜ in font cmr10!
Missing character: There is no â in font cmr10!
Missing character: There is no € in font cmr10!
Missing character: There is no ™ in font cmr10!
Missing character: There is no â in font cmr10!
Missing character: There is no € in font cmr10!
Missing character: There is no ˜ in font cmr10!
Missing character: There is no â in font cmr10!
Missing character: There is no € in font cmr10!
Missing character: There is no ™ in font cmr10!

Overfull \hbox (48.18568pt too wide) in paragraph at lines 19--21
[][][][][][][][][][][][][][][][][][][][][][][][][][][][][][][][][][][][][][][][
][] 
 []

) <final/1a_qq.pdf, id=1, 505.89pt x 505.89pt>
File: final/1a_qq.pdf Graphic file (type pdf)
 <use final/1a_qq.pdf>
Package pdftex.def Info: final/1a_qq.pdf used on input line 80.
(pdftex.def)             Requested size: 256.0748pt x 256.07838pt.

<final/1a_sqrt_res_plot.pdf, id=2, 505.89pt x 505.89pt>
File: final/1a_sqrt_res_plot.pdf Graphic file (type pdf)

<use final/1a_sqrt_res_plot.pdf>
Package pdftex.def Info: final/1a_sqrt_res_plot.pdf used on input line 81.
(pdftex.def)             Requested size: 256.0748pt x 256.07838pt.

Overfull \hbox (24.02301pt too wide) in paragraph at lines 79--83
[] [] 
 []


Underfull \hbox (badness 10000) in paragraph at lines 79--83

 []

[1

{/var/lib/texmf/fonts/map/pdftex/updmap/pdftex.map} <./final/1a_qq.pdf> <./fina
l/1a_sqrt_res_plot.pdf>] (./final/1_out.txt
Missing character: There is no â in font cmr10!
Missing character: There is no € in font cmr10!
Missing character: There is no ˜ in font cmr10!
Missing character: There is no â in font cmr10!
Missing character: There is no € in font cmr10!
Missing character: There is no ™ in font cmr10!
Missing character: There is no â in font cmr10!
Missing character: There is no € in font cmr10!
Missing character: There is no ˜ in font cmr10!
Missing character: There is no â in font cmr10!
Missing character: There is no € in font cmr10!
Missing character: There is no ™ in font cmr10!
Missing character: There is no â in font cmr10!
Missing character: There is no € in font cmr10!
Missing character: There is no ˜ in font cmr10!
Missing character: There is no â in font cmr10!
Missing character: There is no € in font cmr10!
Missing character: There is no ™ in font cmr10!
Missing character: There is no â in font cmr10!
Missing character: There is no € in font cmr10!
Missing character: There is no ˜ in font cmr10!
Missing character: There is no â in font cmr10!
Missing character: There is no € in font cmr10!
Missing character: There is no ™ in font cmr10!
Missing character: There is no â in font cmr10!
Missing character: There is no € in font cmr10!
Missing character: There is no ˜ in font cmr10!
Missing character: There is no â in font cmr10!
Missing character: There is no € in font cmr10!
Missing character: There is no ™ in font cmr10!

Overfull \hbox (48.18568pt too wide) in paragraph at lines 56--58
[][][][][][][][][][][][][][][][][][][][][][][][][][][][][][][][][][][][][][][][
][] 
 []

) <final/1a_qq_lm2.pdf, id=26, 505.89pt x 505.89pt>
File: final/1a_qq_lm2.pdf Graphic file (type pdf)
 <use final/1a_qq_lm2.pdf>
Package pdftex.def Info: final/1a_qq_lm2.pdf used on input line 85.
(pdftex.def)             Requested size: 256.0748pt x 256.07838pt.

<final/1a_sqrt_res_plot_lm2.pdf, id=27, 505.89pt x 505.89pt>
File: final/1a_sqrt_res_plot_lm2.pdf Graphic file (type pdf)

<use final/1a_sqrt_res_plot_lm2.pdf>
Package pdftex.def Info: final/1a_sqrt_res_plot_lm2.pdf used on input line 86.
(pdftex.def)             Requested size: 256.0748pt x 256.07838pt.

Overfull \hbox (24.02301pt too wide) in paragraph at lines 84--88
[] [] 
 []

[2 <./final/1a_qq_lm2.pdf> <./final/1a_sqrt_res_plot_lm2.pdf>]
<final/1b_res_plot_lm2.pdf, id=45, 505.89pt x 505.89pt>
File: final/1b_res_plot_lm2.pdf Graphic file (type pdf)

<use final/1b_res_plot_lm2.pdf>
Package pdftex.def Info: final/1b_res_plot_lm2.pdf used on input line 91.
(pdftex.def)             Requested size: 256.0748pt x 256.07838pt.

<final/1b_res_plot_tran_ang.pdf, id=46, 505.89pt x 505.89pt>
File: final/1b_res_plot_tran_ang.pdf Graphic file (type pdf)

<use final/1b_res_plot_tran_ang.pdf>
Package pdftex.def Info: final/1b_res_plot_tran_ang.pdf used on input line 92.
(pdftex.def)             Requested size: 256.0748pt x 256.07838pt.

<final/1b_res_plot_tran_freq.pdf, id=47, 505.89pt x 505.89pt>
File: final/1b_res_plot_tran_freq.pdf Graphic file (type pdf)

<use final/1b_res_plot_tran_freq.pdf>
Package pdftex.def Info: final/1b_res_plot_tran_freq.pdf used on input line 93.

(pdftex.def)             Requested size: 256.0748pt x 256.07838pt.

<final/1b_res_plot_tran_thi.pdf, id=48, 505.89pt x 505.89pt>
File: final/1b_res_plot_tran_thi.pdf Graphic file (type pdf)

<use final/1b_res_plot_tran_thi.pdf>
Package pdftex.def Info: final/1b_res_plot_tran_thi.pdf used on input line 94.
(pdftex.def)             Requested size: 256.0748pt x 256.07838pt.

Overfull \hbox (24.02301pt too wide) in paragraph at lines 90--96
[] [] 
 []


Overfull \hbox (24.02301pt too wide) in paragraph at lines 90--96
[] [] 
 []


Underfull \hbox (badness 10000) in paragraph at lines 90--96

 []

[3 <./final/1b_res_plot_lm2.pdf> <./final/1b_res_plot_tran_ang.pdf> <./final/1b
_res_plot_tran_freq.pdf> <./final/1b_res_plot_tran_thi.pdf>] (./final/1_out.txt

Overfull \hbox (8.76527pt too wide) in paragraph at lines 84--85
[][][][][][][][][][][][][][][][][][] 
 []


Overfull \hbox (35.04555pt too wide) in paragraph at lines 85--86
[][][][][][][][][][][][][][][][][][][][][][][][][][][][][][][] 
 []


Overfull \hbox (35.04555pt too wide) in paragraph at lines 86--87
[][][][][][][][][][][][][][][][][][][][][][][][][][][][][][][][][][][][][][] 
 []


Overfull \hbox (8.76527pt too wide) in paragraph at lines 87--88
[][][][][][][][][][][][][][][][][][][][][][][][][][][][][][][][][][][][][][] 
 []


Overfull \hbox (8.76527pt too wide) in paragraph at lines 88--89
[][][][][][][][][][][][][][][][][][][][][][][][][][][][][][][][][][][][][][] 
 []


Overfull \hbox (35.04555pt too wide) in paragraph at lines 89--90
[][][][][][][][][][][][][][][][][][][][][][][][][][][][][][][][][][][][][][] 
 []


Overfull \hbox (8.76527pt too wide) in paragraph at lines 90--91
[][][][][][][][][][][][][][][][][][][][][][][][][][][][][][][][][][][][][][] 
 []


Overfull \hbox (28.47548pt too wide) in paragraph at lines 91--92
[][][][][][][][][][][][][][][][][][][][][][][][][][][][][][][][][][][][][][] 
 []


Overfull \hbox (21.90541pt too wide) in paragraph at lines 92--93
[][][][][][][][][][][][][][][][][][][][][][][][][][][][][][][][][][][][][][][][
] 
 []


Overfull \hbox (35.04555pt too wide) in paragraph at lines 93--94
[][][][][][][][][][][][][][][][][][][][][][][][][][][][][][][][][][][][][][] 
 []


Overfull \hbox (21.90541pt too wide) in paragraph at lines 94--95
[][][][][][][][][][][][][][][][][][][][][][][][][][][][][][][][][][][][][][][][
] 
 []


Overfull \hbox (8.76527pt too wide) in paragraph at lines 95--96
[][][][][][][][][][][][][][][][][][][][][][][][][][][][][][][][][][][][][][] 
 []


Overfull \hbox (21.90541pt too wide) in paragraph at lines 96--97
[][][][][][][][][][][][][][][][][][][][][][][][][][][][][][][][][][][][][][] 
 []


Overfull \hbox (28.47548pt too wide) in paragraph at lines 97--98
[][][][][][][][][][][][][][][][][][][][][][][][][][][][][][][][][][][][][][][][
] 
 []


Overfull \hbox (21.90541pt too wide) in paragraph at lines 98--99
[][][][][][][][][][][][][][][][][][][][][][][][][][][][][][][][][][][][][][][][
] 
 []


Overfull \hbox (35.04555pt too wide) in paragraph at lines 99--100
[][][][][][][][][][][][][][][][][][][][][][][][][][][][][][][][][][][][][][][][
] 
 []


Overfull \hbox (8.76527pt too wide) in paragraph at lines 100--101
[][][][][][][][][][][][][][][][][][][][][][][][][][][][][][][][][][][][][][] 
 []


Overfull \hbox (28.47548pt too wide) in paragraph at lines 101--102
[][][][][][][][][][][][][][][][][][][][][][][][][][][][][][][][][][][][][][] 
 []


Overfull \hbox (35.04555pt too wide) in paragraph at lines 102--103
[][][][][][][][][][][][][][][][][][][][][][][][][][][][][][][][][][][][][][][][
][][][][] 
 []


Overfull \hbox (35.04555pt too wide) in paragraph at lines 103--104
[][][][][][][][][][][][][][][][][][][][][][][][][][][][][][][][][][][][][][][][
] 
 []


Overfull \hbox (21.90541pt too wide) in paragraph at lines 104--105
[][][][][][][][][][][][][][][][][][][][][][][][][][][][][][][][][][][][][][][][
] 
 []


Overfull \hbox (8.76527pt too wide) in paragraph at lines 105--106
[][][][][][][][][][][][][][][][][][][][][][][][][][][][][][][][][][][][][][] 
 []


Overfull \hbox (28.47548pt too wide) in paragraph at lines 106--107
[][][][][][][][][][][][][][][][][][][][][][][][][][][][][][][][][][][][][][][][
] 
 []


Overfull \hbox (21.90541pt too wide) in paragraph at lines 107--108
[][][][][][][][][][][][][][][][][][][][][][][][][][][][][][][][][][][][][][][][
] 
 []


Overfull \hbox (8.76527pt too wide) in paragraph at lines 108--109
[][][][][][][][][][][][][][][][][][][][][][][][][][][][][][][][][][][][][][] 
 []


Overfull \hbox (21.90541pt too wide) in paragraph at lines 109--110
[][][][][][][][][][][][][][][][][][][][][][][][][][][][][][][][][][][][][][][][
] 
 []


Overfull \hbox (8.76527pt too wide) in paragraph at lines 110--111
[][][][][][][][][][][][][][][][][][][][][][][][][][][][][][][][][][][][][][] 
 []


Overfull \hbox (35.04555pt too wide) in paragraph at lines 111--112
[][][][][][][][][][][][][][][][][][][][][][][][][][][][][][][][][][][][][][][][
] 
 []


Overfull \hbox (35.04555pt too wide) in paragraph at lines 112--113
[][][][][][][][][][][][][][][][][][][][][][][][][][][][][][][][][][][][][][] 
 []


Overfull \hbox (21.90541pt too wide) in paragraph at lines 113--114
[][][][][][][][][][][][][][][][][][][][][][][][][][][][][][][][][][][][][][][][
] 
 []


Overfull \hbox (21.90541pt too wide) in paragraph at lines 114--115
[][][][][][][][][][][][][][][][][][][][][][][][][][][][][][][][][][][][][][][][
] 
 []


Overfull \hbox (8.76527pt too wide) in paragraph at lines 115--116
[][][][][][][][][][][][][][][][][][][][][][][][][][][][][][][][][][][][][][] 
 []


Overfull \hbox (21.90541pt too wide) in paragraph at lines 116--117
[][][][][][][][][][][][][][][][][][][][][][][][][][][][][][][][][][][][][][][][
] 
 []


Overfull \hbox (35.04555pt too wide) in paragraph at lines 117--118
[][][][][][][][][][][][][][][][][][][][][][][][][][][][][][][][][][][][][][][][
] 
 []


Overfull \hbox (8.76527pt too wide) in paragraph at lines 118--119
[][][][][][][][][][][][][][][][][][][][][][][][][][][][][][][][][][][][][][] 
 []


Overfull \hbox (35.04555pt too wide) in paragraph at lines 119--120
[][][][][][][][][][][][][][][][][][][][][][][][][][][][][][][][][][][][][][] 
 []


Overfull \hbox (35.04555pt too wide) in paragraph at lines 120--121
[][][][][][][][][][][][][][][][][][][][][][][][][][][][][][][][] 
 []


Overfull \hbox (35.04555pt too wide) in paragraph at lines 121--122
[][][][][][][][][][][][][][][][][][][][][][][][][][][][][][][][][][][] 
 []

Missing character: There is no â in font cmr10!
Missing character: There is no € in font cmr10!
Missing character: There is no ˜ in font cmr10!
Missing character: There is no â in font cmr10!
Missing character: There is no € in font cmr10!
Missing character: There is no ™ in font cmr10!
Missing character: There is no â in font cmr10!
Missing character: There is no € in font cmr10!
Missing character: There is no ˜ in font cmr10!
Missing character: There is no â in font cmr10!
Missing character: There is no € in font cmr10!
Missing character: There is no ™ in font cmr10!
Missing character: There is no â in font cmr10!
Missing character: There is no € in font cmr10!
Missing character: There is no ˜ in font cmr10!
Missing character: There is no â in font cmr10!
Missing character: There is no € in font cmr10!
Missing character: There is no ™ in font cmr10!
Missing character: There is no â in font cmr10!
Missing character: There is no € in font cmr10!
Missing character: There is no ˜ in font cmr10!
Missing character: There is no â in font cmr10!
Missing character: There is no € in font cmr10!
Missing character: There is no ™ in font cmr10!
Missing character: There is no â in font cmr10!
Missing character: There is no € in font cmr10!
Missing character: There is no ˜ in font cmr10!
Missing character: There is no â in font cmr10!
Missing character: There is no € in font cmr10!
Missing character: There is no ™ in font cmr10!

Overfull \hbox (48.18568pt too wide) in paragraph at lines 123--125
[][][][][][][][][][][][][][][][][][][][][][][][][][][][][][][][][][][][][][][][
][] 
 []

) <final/1b_res_plot_int.pdf, id=80, 505.89pt x 505.89pt>
File: final/1b_res_plot_int.pdf Graphic file (type pdf)

<use final/1b_res_plot_int.pdf>
Package pdftex.def Info: final/1b_res_plot_int.pdf used on input line 98.
(pdftex.def)             Requested size: 256.0748pt x 256.07838pt.

<final/1b_res_plot_int_ang.pdf, id=81, 505.89pt x 505.89pt>
File: final/1b_res_plot_int_ang.pdf Graphic file (type pdf)

<use final/1b_res_plot_int_ang.pdf>
Package pdftex.def Info: final/1b_res_plot_int_ang.pdf used on input line 99.
(pdftex.def)             Requested size: 256.0748pt x 256.07838pt.

<final/1b_res_plot_int_freq.pdf, id=82, 505.89pt x 505.89pt>
File: final/1b_res_plot_int_freq.pdf Graphic file (type pdf)

<use final/1b_res_plot_int_freq.pdf>
Package pdftex.def Info: final/1b_res_plot_int_freq.pdf used on input line 100.

(pdftex.def)             Requested size: 256.0748pt x 256.07838pt.

<final/1b_res_plot_int_thi.pdf, id=83, 505.89pt x 505.89pt>
File: final/1b_res_plot_int_thi.pdf Graphic file (type pdf)

<use final/1b_res_plot_int_thi.pdf>
Package pdftex.def Info: final/1b_res_plot_int_thi.pdf used on input line 101.
(pdftex.def)             Requested size: 256.0748pt x 256.07838pt.

Overfull \hbox (24.02301pt too wide) in paragraph at lines 97--103
[] [] 
 []


Overfull \hbox (24.02301pt too wide) in paragraph at lines 97--103
[] [] 
 []


Underfull \hbox (badness 10000) in paragraph at lines 97--103

 []

[4] <final/1b_sqrt_res_plot_int.pdf, id=87, 505.89pt x 505.89pt>
File: final/1b_sqrt_res_plot_int.pdf Graphic file (type pdf)

<use final/1b_sqrt_res_plot_int.pdf>
Package pdftex.def Info: final/1b_sqrt_res_plot_int.pdf used on input line 104.

(pdftex.def)             Requested size: 256.0748pt x 256.07838pt.
 [5 <./final/1b_res_plot_int.pdf> <./final/1b_res_plot_int_ang.pdf> <./final/1b
_res_plot_int_freq.pdf> <./final/1b_res_plot_int_thi.pdf>] <final/1d_res_plot_t
ree.pdf, id=120, 505.89pt x 505.89pt>
File: final/1d_res_plot_tree.pdf Graphic file (type pdf)

<use final/1d_res_plot_tree.pdf>
Package pdftex.def Info: final/1d_res_plot_tree.pdf used on input line 110.
(pdftex.def)             Requested size: 256.0748pt x 256.07838pt.

<final/1d_qq_tree.pdf, id=121, 505.89pt x 505.89pt>
File: final/1d_qq_tree.pdf Graphic file (type pdf)
 <use final/1d_qq_tree.pdf>
Package pdftex.def Info: final/1d_qq_tree.pdf used on input line 111.
(pdftex.def)             Requested size: 256.0748pt x 256.07838pt.

Overfull \hbox (24.02301pt too wide) in paragraph at lines 109--113
[] [] 
 []

[6 <./final/1b_sqrt_res_plot_int.pdf>]
Underfull \hbox (badness 10000) in paragraph at lines 121--122

 []

(./final/2_out.txt
Missing character: There is no â in font cmr10!
Missing character: There is no € in font cmr10!
Missing character: There is no ˜ in font cmr10!
Missing character: There is no â in font cmr10!
Missing character: There is no € in font cmr10!
Missing character: There is no ™ in font cmr10!
Missing character: There is no â in font cmr10!
Missing character: There is no € in font cmr10!
Missing character: There is no ˜ in font cmr10!
Missing character: There is no â in font cmr10!
Missing character: There is no € in font cmr10!
Missing character: There is no ™ in font cmr10!
Missing character: There is no â in font cmr10!
Missing character: There is no € in font cmr10!
Missing character: There is no ˜ in font cmr10!
Missing character: There is no â in font cmr10!
Missing character: There is no € in font cmr10!
Missing character: There is no ™ in font cmr10!
Missing character: There is no â in font cmr10!
Missing character: There is no € in font cmr10!
Missing character: There is no ˜ in font cmr10!
Missing character: There is no â in font cmr10!
Missing character: There is no € in font cmr10!
Missing character: There is no ™ in font cmr10!
Missing character: There is no â in font cmr10!
Missing character: There is no € in font cmr10!
Missing character: There is no ˜ in font cmr10!
Missing character: There is no â in font cmr10!
Missing character: There is no € in font cmr10!
Missing character: There is no ™ in font cmr10!

Overfull \hbox (48.18568pt too wide) in paragraph at lines 17--19
[][][][][][][][][][][][][][][][][][][][][][][][][][][][][][][][][][][][][][][][
][] 
 []

) [7 <./final/1d_res_plot_tree.pdf> <./final/1d_qq_tree.pdf>]
<final/2ai_qq.pdf, id=152, 505.89pt x 505.89pt>
File: final/2ai_qq.pdf Graphic file (type pdf)
 <use final/2ai_qq.pdf>
Package pdftex.def Info: final/2ai_qq.pdf used on input line 128.
(pdftex.def)             Requested size: 256.0748pt x 256.07838pt.

<final/2aii_stud_qq.pdf, id=153, 505.89pt x 505.89pt>
File: final/2aii_stud_qq.pdf Graphic file (type pdf)

<use final/2aii_stud_qq.pdf>
Package pdftex.def Info: final/2aii_stud_qq.pdf used on input line 134.
(pdftex.def)             Requested size: 256.0748pt x 256.07838pt.
 [8 <./final/2ai_qq.pdf> <./final/2aii_stud_qq.pdf>] <final/2aii_cook.pdf, id=1
72, 505.89pt x 505.89pt>
File: final/2aii_cook.pdf Graphic file (type pdf)
 <use final/2aii_cook.pdf>
Package pdftex.def Info: final/2aii_cook.pdf used on input line 138.
(pdftex.def)             Requested size: 256.0748pt x 256.07838pt.

<final/2aiii_res_plot.pdf, id=173, 505.89pt x 505.89pt>
File: final/2aiii_res_plot.pdf Graphic file (type pdf)

<use final/2aiii_res_plot.pdf>
Package pdftex.def Info: final/2aiii_res_plot.pdf used on input line 143.
(pdftex.def)             Requested size: 256.0748pt x 256.07838pt.

<final/2aiii_pr_AP.pdf, id=174, 505.89pt x 505.89pt>
File: final/2aiii_pr_AP.pdf Graphic file (type pdf)

<use final/2aiii_pr_AP.pdf>
Package pdftex.def Info: final/2aiii_pr_AP.pdf used on input line 146.
(pdftex.def)             Requested size: 256.0748pt x 256.07838pt.

<final/2aiii_pr_AT.pdf, id=175, 505.89pt x 505.89pt>
File: final/2aiii_pr_AT.pdf Graphic file (type pdf)

<use final/2aiii_pr_AT.pdf>
Package pdftex.def Info: final/2aiii_pr_AT.pdf used on input line 147.
(pdftex.def)             Requested size: 256.0748pt x 256.07838pt.

<final/2aiii_pr_RH.pdf, id=176, 505.89pt x 505.89pt>
File: final/2aiii_pr_RH.pdf Graphic file (type pdf)

<use final/2aiii_pr_RH.pdf>
Package pdftex.def Info: final/2aiii_pr_RH.pdf used on input line 148.
(pdftex.def)             Requested size: 256.0748pt x 256.07838pt.

<final/2aiii_pr_V.pdf, id=177, 505.89pt x 505.89pt>
File: final/2aiii_pr_V.pdf Graphic file (type pdf)
 <use final/2aiii_pr_V.pdf>
Package pdftex.def Info: final/2aiii_pr_V.pdf used on input line 149.
(pdftex.def)             Requested size: 256.0748pt x 256.07838pt.

Overfull \hbox (44.4995pt too wide) in paragraph at lines 145--150
[] [] 
 []


Overfull \hbox (44.4995pt too wide) in paragraph at lines 145--150
[] [] 
 []


Underfull \hbox (badness 10000) in paragraph at lines 145--150

 []

[9 <./final/2aii_cook.pdf> <./final/2aiii_res_plot.pdf>]
<final/2bi_plot.pdf, id=195, 505.89pt x 505.89pt>
File: final/2bi_plot.pdf Graphic file (type pdf)
 <use final/2bi_plot.pdf>
Package pdftex.def Info: final/2bi_plot.pdf used on input line 158.
(pdftex.def)             Requested size: 341.43306pt x 341.43785pt.

[10 <./final/2aiii_pr_AP.pdf> <./final/2aiii_pr_AT.pdf> <./final/2aiii_pr_RH.pd
f> <./final/2aiii_pr_V.pdf>]
Underfull \hbox (badness 10000) in paragraph at lines 160--161

 []

(./final/2_out.txt)
Underfull \hbox (badness 10000) in paragraph at lines 162--163

 []

(./final/2_out.txt
Overfull \hbox (9.53156pt too wide) in paragraph at lines 27--28
[][][][][][][][][][][][][][][][][][][][][][][][][][][][][][][][][][][][][][][][
] 
 []


Overfull \hbox (9.53156pt too wide) in paragraph at lines 28--29
[][][][][][][][][][][][][][][][][][][][][][][] 
 []


Overfull \hbox (9.53156pt too wide) in paragraph at lines 29--30
[][][][][][][][][][][][][][][][][][][][][][][] 
 []

)
Overfull \hbox (9.53156pt too wide) in paragraph at lines 30--163
[][][][][][][][][][][][][][][][][][][][][][][][][] 
 []

(./final.R [11 <./final/2bi_plot.pdf>])
<final/2bii_plot.pdf, id=232, 505.89pt x 505.89pt>
File: final/2bii_plot.pdf Graphic file (type pdf)
 <use final/2bii_plot.pdf>
Package pdftex.def Info: final/2bii_plot.pdf used on input line 172.
(pdftex.def)             Requested size: 341.43306pt x 341.43785pt.

Underfull \hbox (badness 10000) in paragraph at lines 174--175

 []

(./final/2_out.txt)
Underfull \hbox (badness 10000) in paragraph at lines 176--177

 []

(./final/2_out.txt
Overfull \hbox (9.53156pt too wide) in paragraph at lines 47--48
[][][][][][][][][][][][][][][][][][][][][][][][][][][][][][][][][][][][][][][][
] 
 []

[12 <./final/2bii_plot.pdf>]
Overfull \hbox (9.53156pt too wide) in paragraph at lines 48--49
[][][][][][][][][][][][][][][][][][][][][][][] 
 []


Overfull \hbox (9.53156pt too wide) in paragraph at lines 49--50
[][][][][][][][][][][][][][][][][][][][][][][] 
 []

)
Overfull \hbox (9.53156pt too wide) in paragraph at lines 50--177
[][][][][][][][][][][][][][][][][][][][][][][][][] 
 []

(./final.R) <final/3b_pcr_scree.pdf, id=242, 505.89pt x 505.89pt>
File: final/3b_pcr_scree.pdf Graphic file (type pdf)

<use final/3b_pcr_scree.pdf>
Package pdftex.def Info: final/3b_pcr_scree.pdf used on input line 193.
(pdftex.def)             Requested size: 256.0748pt x 256.07838pt.

<final/3b_pcr_cv.pdf, id=243, 505.89pt x 505.89pt>
File: final/3b_pcr_cv.pdf Graphic file (type pdf)
 <use final/3b_pcr_cv.pdf>
Package pdftex.def Info: final/3b_pcr_cv.pdf used on input line 194.
(pdftex.def)             Requested size: 256.0748pt x 256.07838pt.

Overfull \hbox (24.02301pt too wide) in paragraph at lines 192--196
[] [] 
 []

[13] <final/3c_pls_cv.pdf, id=248, 505.89pt x 505.89pt>
File: final/3c_pls_cv.pdf Graphic file (type pdf)

<use final/3c_pls_cv.pdf>
Package pdftex.def Info: final/3c_pls_cv.pdf used on input line 199.
(pdftex.def)             Requested size: 256.0748pt x 256.07838pt.
 [14 <./final/3b_pcr_scree.pdf> <./final/3b_pcr_cv.pdf> <./final/3c_pls_cv.pdf>
] <final/3d_pcr_loo.pdf, id=270, 505.89pt x 505.89pt>
File: final/3d_pcr_loo.pdf Graphic file (type pdf)

<use final/3d_pcr_loo.pdf>
Package pdftex.def Info: final/3d_pcr_loo.pdf used on input line 204.
(pdftex.def)             Requested size: 256.0748pt x 256.07838pt.
 <final/3d_pls_loo.pdf, id=271, 505.89pt x 505.89pt>
File: final/3d_pls_loo.pdf Graphic file (type pdf)

<use final/3d_pls_loo.pdf>
Package pdftex.def Info: final/3d_pls_loo.pdf used on input line 205.
(pdftex.def)             Requested size: 256.0748pt x 256.07838pt.

Overfull \hbox (24.02301pt too wide) in paragraph at lines 203--206
[] [] 
 []

<final/3e_cv_plot.pdf, id=272, 505.89pt x 505.89pt>
File: final/3e_cv_plot.pdf Graphic file (type pdf)
 <use final/3e_cv_plot.pdf>
Package pdftex.def Info: final/3e_cv_plot.pdf used on input line 211.
(pdftex.def)             Requested size: 256.0748pt x 256.07838pt.

<final/3e_lasso_plot.pdf, id=273, 505.89pt x 505.89pt>
File: final/3e_lasso_plot.pdf Graphic file (type pdf)

<use final/3e_lasso_plot.pdf>
Package pdftex.def Info: final/3e_lasso_plot.pdf used on input line 212.
(pdftex.def)             Requested size: 256.0748pt x 256.07838pt.

Overfull \hbox (24.02301pt too wide) in paragraph at lines 209--213
[] [] 
 []

[15 <./final/3d_pcr_loo.pdf> <./final/3d_pls_loo.pdf>] [16 <./final/3e_cv_plot.
pdf> <./final/3e_lasso_plot.pdf>] (./final.aux) ) 
Here is how much of TeX's memory you used:
 4539 strings out of 495028
 64506 string characters out of 6181497
 220972 words of memory out of 5000000
 7621 multiletter control sequences out of 15000+600000
 8596 words of font info for 33 fonts, out of 8000000 for 9000
 14 hyphenation exceptions out of 8191
 38i,5n,32p,1251b,1587s stack positions out of 5000i,500n,10000p,200000b,80000s
</usr/share/texlive/texmf-dist
/fonts/type1/public/amsfonts/cm/cmbx10.pfb></usr/share/texlive/texmf-dist/fonts
/type1/public/amsfonts/cm/cmmi10.pfb></usr/share/texlive/texmf-dist/fonts/type1
/public/amsfonts/cm/cmmi8.pfb></usr/share/texlive/texmf-dist/fonts/type1/public
/amsfonts/cm/cmr10.pfb></usr/share/texlive/texmf-dist/fonts/type1/public/amsfon
ts/cm/cmr6.pfb></usr/share/texlive/texmf-dist/fonts/type1/public/amsfonts/cm/cm
r8.pfb></usr/share/texlive/texmf-dist/fonts/type1/public/amsfonts/cm/cmsy10.pfb
></usr/share/texlive/texmf-dist/fonts/type1/public/amsfonts/cm/cmsy8.pfb>
Output written on final.pdf (16 pages, 975558 bytes).
PDF statistics:
 333 PDF objects out of 1000 (max. 8388607)
 240 compressed objects within 3 object streams
 0 named destinations out of 1000 (max. 500000)
 161 words of extra memory for PDF output out of 10000 (max. 10000000)

